BOT_VIEWER_PRETTIER: 0
Using X Visual 0x21
loading urdf: /home/drc/drc/software/drake/examples/PR2/pr2.urdf
Warning: mesh collision elements are not supported in URDFRigidBodyManipulator yet.
Warning: mesh collision elements are not supported in URDFRigidBodyManipulator yet.
Warning: mesh collision elements are not supported in URDFRigidBodyManipulator yet.
Warning: mesh collision elements are not supported in URDFRigidBodyManipulator yet.
Warning: mesh collision elements are not supported in URDFRigidBodyManipulator yet.
Warning: mesh collision elements are not supported in URDFRigidBodyManipulator yet.
Warning: mesh collision elements are not supported in URDFRigidBodyManipulator yet.
Warning: mesh collision elements are not supported in URDFRigidBodyManipulator yet.
Warning: mesh collision elements are not supported in URDFRigidBodyManipulator yet.
Warning: mesh collision elements are not supported in URDFRigidBodyManipulator yet.
Warning: mesh collision elements are not supported in URDFRigidBodyManipulator yet.
Warning: mesh collision elements are not supported in URDFRigidBodyManipulator yet.
Warning: mesh collision elements are not supported in URDFRigidBodyManipulator yet.
Warning: mesh collision elements are not supported in URDFRigidBodyManipulator yet.
Warning: mesh collision elements are not supported in URDFRigidBodyManipulator yet.
Warning: mesh collision elements are not supported in URDFRigidBodyManipulator yet.
Warning: mesh collision elements are not supported in URDFRigidBodyManipulator yet.
Warning: mesh collision elements are not supported in URDFRigidBodyManipulator yet.
Warning: mesh collision elements are not supported in URDFRigidBodyManipulator yet.
Warning: mesh collision elements are not supported in URDFRigidBodyManipulator yet.
Warning: mesh collision elements are not supported in URDFRigidBodyManipulator yet.
Warning: mesh collision elements are not supported in URDFRigidBodyManipulator yet.
Warning: mesh collision elements are not supported in URDFRigidBodyManipulator yet.
Warning: mesh collision elements are not supported in URDFRigidBodyManipulator yet.
Warning: mesh collision elements are not supported in URDFRigidBodyManipulator yet.
Warning: mesh collision elements are not supported in URDFRigidBodyManipulator yet.
Warning: mesh collision elements are not supported in URDFRigidBodyManipulator yet.
Warning: mesh collision elements are not supported in URDFRigidBodyManipulator yet.
Warning: mesh collision elements are not supported in URDFRigidBodyManipulator yet.
Warning: mesh collision elements are not supported in URDFRigidBodyManipulator yet.
Warning: mesh collision elements are not supported in URDFRigidBodyManipulator yet.
Warning: mesh collision elements are not supported in URDFRigidBodyManipulator yet.
Warning: mesh collision elements are not supported in URDFRigidBodyManipulator yet.
Warning: mesh collision elements are not supported in URDFRigidBodyManipulator yet.
Warning: mesh collision elements are not supported in URDFRigidBodyManipulator yet.
Warning: mesh collision elements are not supported in URDFRigidBodyManipulator yet.
Warning: mesh collision elements are not supported in URDFRigidBodyManipulator yet.
udp_read_packet -- select:: Interrupted system call
loading urdf: /home/drc/drc/software/drake/examples/PR2/pr2.urdf
Warning: mesh collision elements are not supported in URDFRigidBodyManipulator yet.
Warning: mesh collision elements are not supported in URDFRigidBodyManipulator yet.
Warning: mesh collision elements are not supported in URDFRigidBodyManipulator yet.
Warning: mesh collision elements are not supported in URDFRigidBodyManipulator yet.
Warning: mesh collision elements are not supported in URDFRigidBodyManipulator yet.
Warning: mesh collision elements are not supported in URDFRigidBodyManipulator yet.
Warning: mesh collision elements are not supported in URDFRigidBodyManipulator yet.
Warning: mesh collision elements are not supported in URDFRigidBodyManipulator yet.
Warning: mesh collision elements are not supported in URDFRigidBodyManipulator yet.
Warning: mesh collision elements are not supported in URDFRigidBodyManipulator yet.
Warning: mesh collision elements are not supported in URDFRigidBodyManipulator yet.
Warning: mesh collision elements are not supported in URDFRigidBodyManipulator yet.
Warning: mesh collision elements are not supported in URDFRigidBodyManipulator yet.
Warning: mesh collision elements are not supported in URDFRigidBodyManipulator yet.
Warning: mesh collision elements are not supported in URDFRigidBodyManipulator yet.
Warning: mesh collision elements are not supported in URDFRigidBodyManipulator yet.
Warning: mesh collision elements are not supported in URDFRigidBodyManipulator yet.
Warning: mesh collision elements are not supported in URDFRigidBodyManipulator yet.
Warning: mesh collision elements are not supported in URDFRigidBodyManipulator yet.
Warning: mesh collision elements are not supported in URDFRigidBodyManipulator yet.
Warning: mesh collision elements are not supported in URDFRigidBodyManipulator yet.
Warning: mesh collision elements are not supported in URDFRigidBodyManipulator yet.
Warning: mesh collision elements are not supported in URDFRigidBodyManipulator yet.
Warning: mesh collision elements are not supported in URDFRigidBodyManipulator yet.
Warning: mesh collision elements are not supported in URDFRigidBodyManipulator yet.
Warning: mesh collision elements are not supported in URDFRigidBodyManipulator yet.
Warning: mesh collision elements are not supported in URDFRigidBodyManipulator yet.
Warning: mesh collision elements are not supported in URDFRigidBodyManipulator yet.
Warning: mesh collision elements are not supported in URDFRigidBodyManipulator yet.
Warning: mesh collision elements are not supported in URDFRigidBodyManipulator yet.
Warning: mesh collision elements are not supported in URDFRigidBodyManipulator yet.
Warning: mesh collision elements are not supported in URDFRigidBodyManipulator yet.
Warning: mesh collision elements are not supported in URDFRigidBodyManipulator yet.
Warning: mesh collision elements are not supported in URDFRigidBodyManipulator yet.
Warning: mesh collision elements are not supported in URDFRigidBodyManipulator yet.
Warning: mesh collision elements are not supported in URDFRigidBodyManipulator yet.
Warning: mesh collision elements are not supported in URDFRigidBodyManipulator yet.
